Detecting compiler hash for triplet x64-windows...
A suitable version of powershell-core was not found (required v7.5.3).
Downloading https://github.com/PowerShell/PowerShell/releases/download/v7.5.3/PowerShell-7.5.3-win-x64.zip -> PowerShell-7.5.3-win-x64.zip
Successfully downloaded PowerShell-7.5.3-win-x64.zip
Extracting powershell-core...
A suitable version of 7zip was not found (required v25.1.0).
Downloading https://github.com/ip7z/7zip/releases/download/25.01/7z2501.exe -> 7z2501.7z.exe
Successfully downloaded 7z2501.7z.exe
Extracting 7zip...
A suitable version of 7zr was not found (required v25.1.0).
Downloading https://github.com/ip7z/7zip/releases/download/25.01/7zr.exe -> 7d84fcad-7zr.exe
Successfully downloaded 7d84fcad-7zr.exe
Compiler found: C:/Program Files (x86)/Microsoft Visual Studio/2022/BuildTools/VC/Tools/MSVC/14.44.35207/bin/Hostx64/x64/cl.exe
The following packages will be built and installed:
  * brotli:x64-windows@1.2.0
  * c-ares:x64-windows@1.34.5#1
    drogon:x64-windows@1.9.11
    gtest:x64-windows@1.17.0#2
  * jsoncpp:x64-windows@1.9.6
    nlohmann-json:x64-windows@3.12.0#1
  * openssl:x64-windows@3.6.0#3
    sqlite3[core,json1]:x64-windows@3.51.0
  * trantor:x64-windows@1.5.24
  * vcpkg-cmake:x64-windows@2024-04-23
  * vcpkg-cmake-config:x64-windows@2024-05-23
  * vcpkg-cmake-get-vars:x64-windows@2025-05-29
  * zlib:x64-windows@1.3.1
Additional packages (*) will be modified to complete this operation.
Restored 1 package(s) from C:\Users\user\AppData\Local\vcpkg\archives in 155 ms. Use --debug to see more details.
Installing 1/13 vcpkg-cmake:x64-windows@2024-04-23...
Building vcpkg-cmake:x64-windows@2024-04-23...
-- Installing: C:/vcpkg/packages/vcpkg-cmake_x64-windows/share/vcpkg-cmake/vcpkg_cmake_configure.cmake
-- Installing: C:/vcpkg/packages/vcpkg-cmake_x64-windows/share/vcpkg-cmake/vcpkg_cmake_build.cmake
-- Installing: C:/vcpkg/packages/vcpkg-cmake_x64-windows/share/vcpkg-cmake/vcpkg_cmake_install.cmake
-- Installing: C:/vcpkg/packages/vcpkg-cmake_x64-windows/share/vcpkg-cmake/vcpkg-port-config.cmake
-- Installing: C:/vcpkg/packages/vcpkg-cmake_x64-windows/share/vcpkg-cmake/copyright
-- Performing post-build validation
Starting submission of vcpkg-cmake:x64-windows@2024-04-23 to 1 binary cache(s) in the background
Elapsed time to handle vcpkg-cmake:x64-windows: 315 ms
vcpkg-cmake:x64-windows package ABI: 59aeb7434e9453f27a59237471db04320251fe42ceadc7b2cf3372f303ce0461
Installing 2/13 zlib:x64-windows@1.3.1...
Building zlib:x64-windows@1.3.1...
Downloading https://github.com/madler/zlib/archive/v1.3.1.tar.gz -> madler-zlib-v1.3.1.tar.gz
Successfully downloaded madler-zlib-v1.3.1.tar.gz
-- Extracting source C:/vcpkg/downloads/madler-zlib-v1.3.1.tar.gz
-- Applying patch 0001-Prevent-invalid-inclusions-when-HAVE_-is-set-to-0.patch
-- Applying patch 0002-build-static-or-shared-not-both.patch
-- Applying patch 0003-android-and-mingw-fixes.patch
-- Using source at C:/vcpkg/buildtrees/zlib/src/v1.3.1-2e5db616bf.clean
-- Configuring x64-windows
-- Building x64-windows-dbg
-- Building x64-windows-rel
-- Installing: C:/vcpkg/packages/zlib_x64-windows/share/zlib/vcpkg-cmake-wrapper.cmake
-- Fixing pkgconfig file: C:/vcpkg/packages/zlib_x64-windows/lib/pkgconfig/zlib.pc
Downloading msys2-mingw-w64-x86_64-pkgconf-1~2.4.3-1-any.pkg.tar.zst, trying https://mirror.msys2.org/mingw/mingw64/mingw-w64-x86_64-pkgconf-1~2.4.3-1-any.pkg.tar.zst
Successfully downloaded msys2-mingw-w64-x86_64-pkgconf-1~2.4.3-1-any.pkg.tar.zst
Downloading msys2-msys2-runtime-3.6.2-2-x86_64.pkg.tar.zst, trying https://mirror.msys2.org/msys/x86_64/msys2-runtime-3.6.2-2-x86_64.pkg.tar.zst
Successfully downloaded msys2-msys2-runtime-3.6.2-2-x86_64.pkg.tar.zst
-- Using msys root at C:/vcpkg/downloads/tools/msys2/9272adbcaf19caef
-- Fixing pkgconfig file: C:/vcpkg/packages/zlib_x64-windows/debug/lib/pkgconfig/zlib.pc
-- Installing: C:/vcpkg/packages/zlib_x64-windows/share/zlib/copyright
-- Performing post-build validation
Starting submission of zlib:x64-windows@1.3.1 to 1 binary cache(s) in the background
Elapsed time to handle zlib:x64-windows: 17 s
zlib:x64-windows package ABI: faa235692c5ae071e3013c87b40176855bdbb75cb5d6a771bc4ed2345f29cc25
Completed submission of vcpkg-cmake:x64-windows@2024-04-23 to 1 binary cache(s) in 129 ms
Installing 3/13 vcpkg-cmake-config:x64-windows@2024-05-23...
Elapsed time to handle vcpkg-cmake-config:x64-windows: 52 ms
vcpkg-cmake-config:x64-windows package ABI: 987d267b830a1fb69dc70c47144763c071f0d46d4502058d30be352c9aa00bd6
Installing 4/13 vcpkg-cmake-get-vars:x64-windows@2025-05-29...
Building vcpkg-cmake-get-vars:x64-windows@2025-05-29...
-- Installing: C:/vcpkg/packages/vcpkg-cmake-get-vars_x64-windows/share/vcpkg-cmake-get-vars/vcpkg_cmake_get_vars.cmake
-- Installing: C:/vcpkg/packages/vcpkg-cmake-get-vars_x64-windows/share/vcpkg-cmake-get-vars/cmake_get_vars
-- Installing: C:/vcpkg/packages/vcpkg-cmake-get-vars_x64-windows/share/vcpkg-cmake-get-vars/cmake_get_vars/CMakeLists.txt
-- Installing: C:/vcpkg/packages/vcpkg-cmake-get-vars_x64-windows/share/vcpkg-cmake-get-vars/cmake-get-vars.cmake.in
-- Installing: C:/vcpkg/packages/vcpkg-cmake-get-vars_x64-windows/share/vcpkg-cmake-get-vars/vcpkg-port-config.cmake
-- Installing: C:/vcpkg/packages/vcpkg-cmake-get-vars_x64-windows/share/vcpkg-cmake-get-vars/copyright
-- Performing post-build validation
Starting submission of vcpkg-cmake-get-vars:x64-windows@2025-05-29 to 1 binary cache(s) in the background
Elapsed time to handle vcpkg-cmake-get-vars:x64-windows: 183 ms
vcpkg-cmake-get-vars:x64-windows package ABI: e2dc85a82f7e1bc6caaa8f8f40cf5e62b9c8e9ae4d527a00f0010d3b0d4197c2
Installing 5/13 openssl:x64-windows@3.6.0#3...
Building openssl:x64-windows@3.6.0#3...
Downloading https://github.com/openssl/openssl/archive/openssl-3.6.0.tar.gz -> openssl-openssl-openssl-3.6.0.tar.gz
Successfully downloaded openssl-openssl-openssl-3.6.0.tar.gz
-- Extracting source C:/vcpkg/downloads/openssl-openssl-openssl-3.6.0.tar.gz
-- Applying patch cmake-config.patch
-- Applying patch command-line-length.patch
-- Applying patch script-prefix.patch
-- Applying patch aes_cfb128_vaes_encdec_wrapper.diff
-- Applying patch windows/install-layout.patch
-- Applying patch windows/install-pdbs.patch
-- Applying patch windows/install-programs.diff
-- Applying patch unix/android-cc.patch
-- Applying patch unix/move-openssldir.patch
-- Applying patch unix/no-empty-dirs.patch
-- Applying patch unix/no-static-libs-for-shared.patch
-- Using source at C:/vcpkg/buildtrees/openssl/src/nssl-3.6.0-a2eab2a5bb.clean
-- Getting CMake variables for x64-windows
-- Loading CMake variables from C:/vcpkg/buildtrees/openssl/cmake-get-vars_C_CXX-x64-windows.cmake.log
Downloading https://github.com/StrawberryPerl/Perl-Dist-Strawberry/releases/download/SP_54201_64bit/strawberry-perl-5.42.0.1-64bit-portable.zip -> strawberry-perl-5.42.0.1-64bit-portable.zip
Successfully downloaded strawberry-perl-5.42.0.1-64bit-portable.zip
Downloading nasm-2.16.03-win64.zip, trying https://www.nasm.us/pub/nasm/releasebuilds/2.16.03/win64/nasm-2.16.03-win64.zip
Successfully downloaded nasm-2.16.03-win64.zip
-- Getting CMake variables for x64-windows
Downloading jom_1_1_4.zip, trying https://download.qt.io/official_releases/jom/jom_1_1_4.zip
Successfully downloaded jom_1_1_4.zip
-- Prerunning x64-windows-dbg
-- Building x64-windows-dbg
-- Prerunning x64-windows-rel
-- Building x64-windows-rel
-- Fixing pkgconfig file: C:/vcpkg/packages/openssl_x64-windows/lib/pkgconfig/libcrypto.pc
-- Fixing pkgconfig file: C:/vcpkg/packages/openssl_x64-windows/lib/pkgconfig/libssl.pc
-- Fixing pkgconfig file: C:/vcpkg/packages/openssl_x64-windows/lib/pkgconfig/openssl.pc
-- Using cached msys2-mingw-w64-x86_64-pkgconf-1~2.4.3-1-any.pkg.tar.zst
-- Using cached msys2-msys2-runtime-3.6.2-2-x86_64.pkg.tar.zst
-- Using msys root at C:/vcpkg/downloads/tools/msys2/9272adbcaf19caef
-- Fixing pkgconfig file: C:/vcpkg/packages/openssl_x64-windows/debug/lib/pkgconfig/libcrypto.pc
-- Fixing pkgconfig file: C:/vcpkg/packages/openssl_x64-windows/debug/lib/pkgconfig/libssl.pc
-- Fixing pkgconfig file: C:/vcpkg/packages/openssl_x64-windows/debug/lib/pkgconfig/openssl.pc
-- Installing: C:/vcpkg/packages/openssl_x64-windows/share/openssl/usage
-- Installing: C:/vcpkg/packages/openssl_x64-windows/share/openssl/copyright
-- Performing post-build validation
Starting submission of openssl:x64-windows@3.6.0#3 to 1 binary cache(s) in the background
Elapsed time to handle openssl:x64-windows: 7.5 min
openssl:x64-windows package ABI: 9cb9d85920c1f4af5f6dfcf5f65b070fd8336678699c234333b05396c0bde262
Completed submission of zlib:x64-windows@1.3.1 to 1 binary cache(s) in 258 ms
Completed submission of vcpkg-cmake-get-vars:x64-windows@2025-05-29 to 1 binary cache(s) in 50.3 ms
Installing 6/13 c-ares:x64-windows@1.34.5#1...
Building c-ares:x64-windows@1.34.5#1...
Downloading https://github.com/c-ares/c-ares/archive/v1.34.5.tar.gz -> c-ares-c-ares-v1.34.5.tar.gz
Successfully downloaded c-ares-c-ares-v1.34.5.tar.gz
-- Extracting source C:/vcpkg/downloads/c-ares-c-ares-v1.34.5.tar.gz
-- Applying patch avoid-docs.patch
-- Using source at C:/vcpkg/buildtrees/c-ares/src/v1.34.5-907f52c9ba.clean
-- Configuring x64-windows
-- Building x64-windows-dbg
-- Building x64-windows-rel
-- Fixing pkgconfig file: C:/vcpkg/packages/c-ares_x64-windows/lib/pkgconfig/libcares.pc
-- Using cached msys2-mingw-w64-x86_64-pkgconf-1~2.4.3-1-any.pkg.tar.zst
-- Using cached msys2-msys2-runtime-3.6.2-2-x86_64.pkg.tar.zst
-- Using msys root at C:/vcpkg/downloads/tools/msys2/9272adbcaf19caef
-- Fixing pkgconfig file: C:/vcpkg/packages/c-ares_x64-windows/debug/lib/pkgconfig/libcares.pc
-- Installing: C:/vcpkg/packages/c-ares_x64-windows/share/c-ares/usage
-- Installing: C:/vcpkg/packages/c-ares_x64-windows/share/c-ares/copyright
-- Performing post-build validation
Starting submission of c-ares:x64-windows@1.34.5#1 to 1 binary cache(s) in the background
Elapsed time to handle c-ares:x64-windows: 2.8 min
c-ares:x64-windows package ABI: 9e80bf51c77dabbca96c334bd993b36c3a24f3adf0bf41bd9242a44ce0cf046b
Completed submission of openssl:x64-windows@3.6.0#3 to 1 binary cache(s) in 9.6 s
Installing 7/13 trantor:x64-windows@1.5.24...
Building trantor:x64-windows@1.5.24...
Downloading https://github.com/an-tao/trantor/archive/v1.5.24.tar.gz -> an-tao-trantor-v1.5.24.tar.gz
Successfully downloaded an-tao-trantor-v1.5.24.tar.gz
-- Extracting source C:/vcpkg/downloads/an-tao-trantor-v1.5.24.tar.gz
-- Applying patch 000-fix-deps.patch
-- Applying patch 001-disable-werror.patch
-- Using source at C:/vcpkg/buildtrees/trantor/src/v1.5.24-17a8c955d1.clean
-- Configuring x64-windows
-- Building x64-windows-dbg
-- Building x64-windows-rel
-- Using cached msys2-mingw-w64-x86_64-pkgconf-1~2.4.3-1-any.pkg.tar.zst
-- Using cached msys2-msys2-runtime-3.6.2-2-x86_64.pkg.tar.zst
-- Using msys root at C:/vcpkg/downloads/tools/msys2/9272adbcaf19caef
-- Installing: C:/vcpkg/packages/trantor_x64-windows/share/trantor/copyright
-- Performing post-build validation
Starting submission of trantor:x64-windows@1.5.24 to 1 binary cache(s) in the background
Elapsed time to handle trantor:x64-windows: 58 s
trantor:x64-windows package ABI: 3021fc1d04754b56a1441576745f9e83732783c723e95c7633273ba85e323351
Completed submission of c-ares:x64-windows@1.34.5#1 to 1 binary cache(s) in 921 ms
Installing 8/13 jsoncpp:x64-windows@1.9.6...
Building jsoncpp:x64-windows@1.9.6...
Downloading https://github.com/open-source-parsers/jsoncpp/archive/1.9.6.tar.gz -> open-source-parsers-jsoncpp-1.9.6.tar.gz
Successfully downloaded open-source-parsers-jsoncpp-1.9.6.tar.gz
-- Extracting source C:/vcpkg/downloads/open-source-parsers-jsoncpp-1.9.6.tar.gz
-- Using source at C:/vcpkg/buildtrees/jsoncpp/src/1.9.6-29ceffc35f.clean
-- Configuring x64-windows
-- Building x64-windows-dbg
-- Building x64-windows-rel
-- Fixing pkgconfig file: C:/vcpkg/packages/jsoncpp_x64-windows/lib/pkgconfig/jsoncpp.pc
-- Using cached msys2-mingw-w64-x86_64-pkgconf-1~2.4.3-1-any.pkg.tar.zst
-- Using cached msys2-msys2-runtime-3.6.2-2-x86_64.pkg.tar.zst
-- Using msys root at C:/vcpkg/downloads/tools/msys2/9272adbcaf19caef
-- Fixing pkgconfig file: C:/vcpkg/packages/jsoncpp_x64-windows/debug/lib/pkgconfig/jsoncpp.pc
-- Installing: C:/vcpkg/packages/jsoncpp_x64-windows/share/jsoncpp/copyright
-- Performing post-build validation
Starting submission of jsoncpp:x64-windows@1.9.6 to 1 binary cache(s) in the background
Elapsed time to handle jsoncpp:x64-windows: 27 s
jsoncpp:x64-windows package ABI: c366d4c71af029bb3760edbf27784ad3f0e963b27d0a19d18102a18e8b8a8b9f
Completed submission of trantor:x64-windows@1.5.24 to 1 binary cache(s) in 4.2 s
Installing 9/13 brotli:x64-windows@1.2.0...
Building brotli:x64-windows@1.2.0...
Downloading https://github.com/google/brotli/archive/v1.2.0.tar.gz -> google-brotli-v1.2.0.tar.gz
Successfully downloaded google-brotli-v1.2.0.tar.gz
-- Extracting source C:/vcpkg/downloads/google-brotli-v1.2.0.tar.gz
-- Applying patch install.patch
-- Applying patch pkgconfig.patch
-- Using source at C:/vcpkg/buildtrees/brotli/src/v1.2.0-7af7ca71ad.clean
-- Configuring x64-windows
-- Building x64-windows-dbg
-- Building x64-windows-rel
-- Fixing pkgconfig file: C:/vcpkg/packages/brotli_x64-windows/lib/pkgconfig/libbrotlicommon.pc
-- Fixing pkgconfig file: C:/vcpkg/packages/brotli_x64-windows/lib/pkgconfig/libbrotlidec.pc
-- Fixing pkgconfig file: C:/vcpkg/packages/brotli_x64-windows/lib/pkgconfig/libbrotlienc.pc
-- Using cached msys2-mingw-w64-x86_64-pkgconf-1~2.4.3-1-any.pkg.tar.zst
-- Using cached msys2-msys2-runtime-3.6.2-2-x86_64.pkg.tar.zst
-- Using msys root at C:/vcpkg/downloads/tools/msys2/9272adbcaf19caef
-- Fixing pkgconfig file: C:/vcpkg/packages/brotli_x64-windows/debug/lib/pkgconfig/libbrotlicommon.pc
-- Fixing pkgconfig file: C:/vcpkg/packages/brotli_x64-windows/debug/lib/pkgconfig/libbrotlidec.pc
-- Fixing pkgconfig file: C:/vcpkg/packages/brotli_x64-windows/debug/lib/pkgconfig/libbrotlienc.pc
-- Installing: C:/vcpkg/packages/brotli_x64-windows/share/brotli/usage
-- Installing: C:/vcpkg/packages/brotli_x64-windows/share/brotli/copyright
-- Performing post-build validation
Starting submission of brotli:x64-windows@1.2.0 to 1 binary cache(s) in the background
Elapsed time to handle brotli:x64-windows: 34 s
brotli:x64-windows package ABI: cda7da30ecdaf095b396cf6b5569a831aeb21dad8933c88556b6e51e8182e14b
Completed submission of jsoncpp:x64-windows@1.9.6 to 1 binary cache(s) in 1.5 s
Installing 10/13 drogon:x64-windows@1.9.11...
Building drogon:x64-windows@1.9.11...
Downloading https://github.com/an-tao/drogon/archive/v1.9.11.tar.gz -> an-tao-drogon-v1.9.11.tar.gz
Successfully downloaded an-tao-drogon-v1.9.11.tar.gz
-- Extracting source C:/vcpkg/downloads/an-tao-drogon-v1.9.11.tar.gz
-- Applying patch 0001-vcpkg.patch
-- Applying patch 0002-drogon-config.patch
-- Applying patch 0003-deps-redis.patch
-- Applying patch 0004-drogon-ctl.patch
-- Applying patch 0005-drogon-cross-compile.patch
-- Using source at C:/vcpkg/buildtrees/drogon/src/v1.9.11-2720b59428.clean
-- Configuring x64-windows-dbg
-- Configuring x64-windows-rel
-- Building x64-windows-dbg
-- Building x64-windows-rel
-- Using cached msys2-mingw-w64-x86_64-pkgconf-1~2.4.3-1-any.pkg.tar.zst
-- Using cached msys2-msys2-runtime-3.6.2-2-x86_64.pkg.tar.zst
-- Using msys root at C:/vcpkg/downloads/tools/msys2/9272adbcaf19caef
-- Installing: C:/vcpkg/packages/drogon_x64-windows/share/drogon/usage
-- Installing: C:/vcpkg/packages/drogon_x64-windows/share/drogon/copyright
-- Performing post-build validation
Starting submission of drogon:x64-windows@1.9.11 to 1 binary cache(s) in the background
Elapsed time to handle drogon:x64-windows: 2.6 min
drogon:x64-windows package ABI: 03f6efebb3671c5d0e29fddaa7027f93ee8857447b66628c9704048cb20e91c0
Completed submission of brotli:x64-windows@1.2.0 to 1 binary cache(s) in 855 ms
Installing 11/13 gtest:x64-windows@1.17.0#2...
Building gtest:x64-windows@1.17.0#2...
Downloading https://github.com/google/googletest/archive/v1.17.0.tar.gz -> google-googletest-v1.17.0.tar.gz
Successfully downloaded google-googletest-v1.17.0.tar.gz
-- Extracting source C:/vcpkg/downloads/google-googletest-v1.17.0.tar.gz
-- Applying patch 001-fix-UWP-death-test.patch
-- Applying patch clang-tidy-no-lint.patch
-- Applying patch fix-main-lib-path.patch
-- Using source at C:/vcpkg/buildtrees/gtest/src/v1.17.0-0c449efaff.clean
-- Configuring x64-windows
-- Building x64-windows-dbg
-- Building x64-windows-rel
-- Installing: C:/vcpkg/packages/gtest_x64-windows/src/gtest.cc
-- Installing: C:/vcpkg/packages/gtest_x64-windows/src/gtest_main.cc
-- Installing: C:/vcpkg/packages/gtest_x64-windows/src/gtest-all.cc
-- Installing: C:/vcpkg/packages/gtest_x64-windows/src/gtest-assertion-result.cc
-- Installing: C:/vcpkg/packages/gtest_x64-windows/src/gtest-death-test.cc
-- Installing: C:/vcpkg/packages/gtest_x64-windows/src/gtest-filepath.cc
-- Installing: C:/vcpkg/packages/gtest_x64-windows/src/gtest-internal-inl.h
-- Installing: C:/vcpkg/packages/gtest_x64-windows/src/gtest-matchers.cc
-- Installing: C:/vcpkg/packages/gtest_x64-windows/src/gtest-port.cc
-- Installing: C:/vcpkg/packages/gtest_x64-windows/src/gtest-printers.cc
-- Installing: C:/vcpkg/packages/gtest_x64-windows/src/gtest-test-part.cc
-- Installing: C:/vcpkg/packages/gtest_x64-windows/src/gtest-typed-test.cc
-- Fixing pkgconfig file: C:/vcpkg/packages/gtest_x64-windows/lib/pkgconfig/gmock.pc
-- Fixing pkgconfig file: C:/vcpkg/packages/gtest_x64-windows/lib/pkgconfig/gmock_main.pc
-- Fixing pkgconfig file: C:/vcpkg/packages/gtest_x64-windows/lib/pkgconfig/gtest.pc
-- Fixing pkgconfig file: C:/vcpkg/packages/gtest_x64-windows/lib/pkgconfig/gtest_main.pc
-- Using cached msys2-mingw-w64-x86_64-pkgconf-1~2.4.3-1-any.pkg.tar.zst
-- Using cached msys2-msys2-runtime-3.6.2-2-x86_64.pkg.tar.zst
-- Using msys root at C:/vcpkg/downloads/tools/msys2/9272adbcaf19caef
-- Fixing pkgconfig file: C:/vcpkg/packages/gtest_x64-windows/debug/lib/pkgconfig/gmock.pc
-- Fixing pkgconfig file: C:/vcpkg/packages/gtest_x64-windows/debug/lib/pkgconfig/gmock_main.pc
-- Fixing pkgconfig file: C:/vcpkg/packages/gtest_x64-windows/debug/lib/pkgconfig/gtest.pc
-- Fixing pkgconfig file: C:/vcpkg/packages/gtest_x64-windows/debug/lib/pkgconfig/gtest_main.pc
-- Installing: C:/vcpkg/packages/gtest_x64-windows/share/gtest/copyright
-- Installing: C:/vcpkg/packages/gtest_x64-windows/share/gtest/usage
-- Performing post-build validation
Starting submission of gtest:x64-windows@1.17.0#2 to 1 binary cache(s) in the background
Elapsed time to handle gtest:x64-windows: 29 s
gtest:x64-windows package ABI: 512b41da500841d2e434e8b7c014f19fd3a15bf583c71ed576d9fc3faa7c939c
Completed submission of drogon:x64-windows@1.9.11 to 1 binary cache(s) in 5.2 s
Installing 12/13 nlohmann-json:x64-windows@3.12.0#1...
Building nlohmann-json:x64-windows@3.12.0#1...
Downloading https://github.com/nlohmann/json/archive/v3.12.0.tar.gz -> nlohmann-json-v3.12.0.tar.gz
Successfully downloaded nlohmann-json-v3.12.0.tar.gz
-- Extracting source C:/vcpkg/downloads/nlohmann-json-v3.12.0.tar.gz
-- Applying patch fix-4742_std_optional.patch
-- Using source at C:/vcpkg/buildtrees/nlohmann-json/src/v3.12.0-087f34fe5c.clean
-- Configuring x64-windows
-- Building x64-windows-dbg
-- Building x64-windows-rel
-- Fixing pkgconfig file: C:/vcpkg/packages/nlohmann-json_x64-windows/share/pkgconfig/nlohmann_json.pc
-- Using cached msys2-mingw-w64-x86_64-pkgconf-1~2.4.3-1-any.pkg.tar.zst
-- Using cached msys2-msys2-runtime-3.6.2-2-x86_64.pkg.tar.zst
-- Using msys root at C:/vcpkg/downloads/tools/msys2/9272adbcaf19caef
-- Fixing pkgconfig file: C:/vcpkg/packages/nlohmann-json_x64-windows/debug/share/pkgconfig/nlohmann_json.pc
-- Installing: C:/vcpkg/packages/nlohmann-json_x64-windows/share/nlohmann-json/copyright
-- Performing post-build validation
Starting submission of nlohmann-json:x64-windows@3.12.0#1 to 1 binary cache(s) in the background
Elapsed time to handle nlohmann-json:x64-windows: 8.4 s
nlohmann-json:x64-windows package ABI: 782d0847607562b58df230f04068572d1a9ce50f0aeefd07b7ed311767a3557f
Completed submission of gtest:x64-windows@1.17.0#2 to 1 binary cache(s) in 1.7 s
Installing 13/13 sqlite3[core,json1]:x64-windows@3.51.0...
Building sqlite3[core,json1]:x64-windows@3.51.0...
Downloading https://sqlite.org/2025/sqlite-autoconf-3510000.tar.gz -> sqlite-autoconf-3510000.tar.gz
Successfully downloaded sqlite-autoconf-3510000.tar.gz
-- Extracting source C:/vcpkg/downloads/sqlite-autoconf-3510000.tar.gz
-- Applying patch fix-arm-uwp.patch
-- Applying patch add-config-include.patch
-- Using source at C:/vcpkg/buildtrees/sqlite3/src/nf-3510000-c7baf9d080.clean
-- Configuring x64-windows
-- Building x64-windows-dbg
-- Building x64-windows-rel
-- Fixing pkgconfig file: C:/vcpkg/packages/sqlite3_x64-windows/lib/pkgconfig/sqlite3.pc
-- Using cached msys2-mingw-w64-x86_64-pkgconf-1~2.4.3-1-any.pkg.tar.zst
-- Using cached msys2-msys2-runtime-3.6.2-2-x86_64.pkg.tar.zst
-- Using msys root at C:/vcpkg/downloads/tools/msys2/9272adbcaf19caef
-- Fixing pkgconfig file: C:/vcpkg/packages/sqlite3_x64-windows/debug/lib/pkgconfig/sqlite3.pc
-- Installing: C:/vcpkg/packages/sqlite3_x64-windows/share/sqlite3/usage
-- Performing post-build validation
Starting submission of sqlite3[core,json1]:x64-windows@3.51.0 to 1 binary cache(s) in the background
Elapsed time to handle sqlite3:x64-windows: 23 s
sqlite3:x64-windows package ABI: 254d2ff2b58507233bcfc41a4e0beccc69e053a29817742ac2b0ee352b5e4ccd
Installed contents are licensed to you by owners. Microsoft is not responsible for, nor does it grant any licenses to, third-party packages.
Packages installed in this vcpkg installation declare the following licenses:
Apache-2.0
BSD-2-Clause
BSD-3-Clause
MIT
MIT-CMU
Zlib
blessing
The package drogon provides CMake targets:

    find_package(Drogon CONFIG REQUIRED)
    target_link_libraries(main PRIVATE Drogon::Drogon)

The package gtest is compatible with built-in CMake targets:

    enable_testing()
    
    find_package(GTest CONFIG REQUIRED)
    target_link_libraries(main PRIVATE GTest::gtest GTest::gtest_main GTest::gmock GTest::gmock_main)
    
    add_test(AllTestsInMain main)

The package nlohmann-json provides CMake targets:

    find_package(nlohmann_json CONFIG REQUIRED)
    target_link_libraries(main PRIVATE nlohmann_json::nlohmann_json)

The package nlohmann-json can be configured to not provide implicit conversions via a custom triplet file:

    set(nlohmann-json_IMPLICIT_CONVERSIONS OFF)

For more information, see the docs here:
    
    https://json.nlohmann.me/api/macros/json_use_implicit_conversions/

sqlite3 provides pkgconfig bindings.
sqlite3 provides CMake targets:

    find_package(unofficial-sqlite3 CONFIG REQUIRED)
    target_link_libraries(main PRIVATE unofficial::sqlite3::sqlite3)

Completed submission of nlohmann-json:x64-windows@3.12.0#1 to 1 binary cache(s) in 108 ms
Waiting for 1 remaining binary cache submissions...
Completed submission of sqlite3[core,json1]:x64-windows@3.51.0 to 1 binary cache(s) in 564 ms (1/1)
All requested installations completed successfully in: 16 min
